{"total": {"lines":{"total":125,"covered":125,"skipped":0,"pct":100},"statements":{"total":144,"covered":141,"skipped":0,"pct":97.91},"functions":{"total":58,"covered":58,"skipped":0,"pct":100},"branches":{"total":142,"covered":124,"skipped":0,"pct":87.32},"branchesTrue":{"total":0,"covered":0,"skipped":0,"pct":"Unknown"}}
,"/Volumes/Niel/World_money_updates/corpgraph/frontend/src/App.tsx": {"lines":{"total":125,"covered":125,"skipped":0,"pct":100},"functions":{"total":58,"covered":58,"skipped":0,"pct":100},"statements":{"total":144,"covered":141,"skipped":0,"pct":97.91},"branches":{"total":142,"covered":124,"skipped":0,"pct":87.32}}
}
